
.tmp/kernel.msp430f5529.o:     file format elf32-msp430

SYMBOL TABLE:
00000000 l    df *ABS*	00000000 kernel.c
00000000 l    d  .text	00000000 .text
00000000 l    d  .data	00000000 .data
00000000 l    d  .bss	00000000 .bss
00000000 l    d  .lower.text.TaskIdle	00000000 .lower.text.TaskIdle
00000000 l    d  .lower.text.insert_into_timeout_queue	00000000 .lower.text.insert_into_timeout_queue
00000000 l    d  .lower.text.remove_from_timeout_queue	00000000 .lower.text.remove_from_timeout_queue
00000000 l    d  .lower.text.os_initTasks	00000000 .lower.text.os_initTasks
00000000 l    d  .rodata	00000000 .rodata
00000000 l    d  .os_idletask	00000000 .os_idletask
00000000 l     O .os_stacks	0000003c __stack_TaskIdle
00000000 l    d  .os_stacks	00000000 .os_stacks
00000000 l    d  .debug_frame	00000000 .debug_frame
00000000 l    d  .debug_info	00000000 .debug_info
00000000 l    d  .debug_abbrev	00000000 .debug_abbrev
00000000 l    d  .debug_loc	00000000 .debug_loc
00000000 l    d  .debug_aranges	00000000 .debug_aranges
00000000 l    d  .debug_ranges	00000000 .debug_ranges
00000000 l    d  .debug_line	00000000 .debug_line
00000000 l    d  .debug_str	00000000 .debug_str
00000000 l    d  .debug_line_end	00000000 .debug_line_end
00000000 l    d  .comment	00000000 .comment
00000000 l    d  .debug_line.lower.text.TaskIdle	00000000 .debug_line.lower.text.TaskIdle
00000000 l    d  .debug_line.lower.text.insert_into_timeout_queue	00000000 .debug_line.lower.text.insert_into_timeout_queue
00000000 l    d  .debug_line.lower.text.remove_from_timeout_queue	00000000 .debug_line.lower.text.remove_from_timeout_queue
00000000 l    d  .debug_line.lower.text.os_initTasks	00000000 .debug_line.lower.text.os_initTasks
00000000 l    d  .MSP430.attributes	00000000 .MSP430.attributes
00000000 g     F .lower.text.TaskIdle	00000004 TaskIdle
00000000         *UND*	00000000 __mulhi2_f5
00000000 g     F .lower.text.insert_into_timeout_queue	00000224 insert_into_timeout_queue
00000000         *UND*	00000000 os_timeoutQueue
00000000         *UND*	00000000 os_tasks
00000000         *UND*	00000000 os_timeoutQueueDirty
00000000 g     F .lower.text.remove_from_timeout_queue	000000b6 remove_from_timeout_queue
00000000 g     F .lower.text.os_initTasks	00000080 os_initTasks
00000000         *UND*	00000000 os_readyQueue
00000000         *UND*	00000000 os_taskCount
00000000         *UND*	00000000 insert_into_memberlist
00000000 g     O .os_idletask	00000036 __task_TaskIdle



Disassembly of section .lower.text.TaskIdle:

00000000 <TaskIdle>:
   0:	30 40 00 00 	br	#0x0000		;

Disassembly of section .lower.text.insert_into_timeout_queue:

00000000 <insert_into_timeout_queue>:
   0:	6a 15       	pushm	#7,	r10	;16-bit words

00000002 <.LCFI0>:
   2:	31 80 06 00 	sub	#6,	r1	;

00000006 <.LCFI1>:
   6:	49 4c       	mov.b	r12,	r9	;

00000008 <.Loc.24.1>:
   8:	58 42 00 00 	mov.b	&0x0000,r8	;0x0000
   c:	3a 40 00 00 	mov	#0,	r10	;
  10:	37 40 00 00 	mov	#0,	r7	;

00000014 <.Loc.27.1>:
  14:	78 93       	cmp.b	#-1,	r8	;r3 As==11
  16:	00 20       	jnz	$+2      	;abs 0x18

00000018 <.Loc.29.1>:
  18:	c2 49 00 00 	mov.b	r9,	&0x0000	;

0000001c <.LVL2>:
  1c:	7d 40 36 00 	mov.b	#54,	r13	;#0x0036
  20:	0c 49       	mov	r9,	r12	;

00000022 <.LVL3>:
  22:	87 12       	call	r7		;

00000024 <.LVL4>:
  24:	0c 5a       	add	r10,	r12	;
  26:	cc 49 1a 00 	mov.b	r9,	26(r12)	; 0x001a

0000002a <.Loc.31.1>:
  2a:	cc 48 33 00 	mov.b	r8,	51(r12)	; 0x0033

0000002e <.L25>:
  2e:	7d 40 36 00 	mov.b	#54,	r13	;#0x0036
  32:	0c 49       	mov	r9,	r12	;
  34:	87 12       	call	r7		;
  36:	30 40 00 00 	br	#0x0000		;

0000003a <.L4>:
  3a:	06 48       	mov	r8,	r6	;

0000003c <.Loc.40.1>:
  3c:	7d 40 36 00 	mov.b	#54,	r13	;#0x0036
  40:	0c 49       	mov	r9,	r12	;

00000042 <.LVL9>:
  42:	87 12       	call	r7		;

00000044 <.LVL10>:
  44:	0c 5a       	add	r10,	r12	;
  46:	3c 50 2a 00 	add	#42,	r12	;#0x002a
  4a:	a1 4c 04 00 	mov	@r12,	4(r1)	;
  4e:	91 4c 02 00 	mov	2(r12),	0(r1)	;
  52:	00 00 
  54:	91 4c 04 00 	mov	4(r12),	2(r1)	;
  58:	02 00 
  5a:	14 4c 06 00 	mov	6(r12),	r4	;
  5e:	7d 40 36 00 	mov.b	#54,	r13	;#0x0036
  62:	0c 48       	mov	r8,	r12	;
  64:	87 12       	call	r7		;
  66:	0c 5a       	add	r10,	r12	;
  68:	3c 50 2a 00 	add	#42,	r12	;#0x002a
  6c:	14 9c 06 00 	cmp	6(r12),	r4	;
  70:	00 28       	jnc	$+2      	;abs 0x72

00000072 <.LVL12>:
  72:	8c 94 06 00 	cmp	r4,	6(r12)	;
  76:	00 20       	jnz	$+2      	;abs 0x78
  78:	91 9c 04 00 	cmp	4(r12),	2(r1)	;
  7c:	02 00 
  7e:	00 28       	jnc	$+2      	;abs 0x80
  80:	9c 91 02 00 	cmp	2(r1),	4(r12)	;
  84:	04 00 
  86:	00 20       	jnz	$+2      	;abs 0x88
  88:	91 9c 02 00 	cmp	2(r12),	0(r1)	;
  8c:	00 00 
  8e:	00 28       	jnc	$+2      	;abs 0x90
  90:	ac 91 02 00 	cmp	@r1,	2(r12)	;
  94:	00 20       	jnz	$+2      	;abs 0x96
  96:	a1 9c 04 00 	cmp	@r12,	4(r1)	;
  9a:	00 28       	jnc	$+2      	;abs 0x9c

0000009c <.L9>:
  9c:	35 40 00 00 	mov	#0,	r5	;
  a0:	7d 40 36 00 	mov.b	#54,	r13	;#0x0036
  a4:	0c 46       	mov	r6,	r12	;
  a6:	85 12       	call	r5		;

000000a8 <.LVL13>:
  a8:	0c 5a       	add	r10,	r12	;

000000aa <.L23>:
  aa:	56 4c 33 00 	mov.b	51(r12),r6	;0x00033

000000ae <.LVL15>:
  ae:	76 93       	cmp.b	#-1,	r6	;r3 As==11
  b0:	00 20       	jnz	$+2      	;abs 0xb2

000000b2 <.Loc.88.1>:
  b2:	7d 40 36 00 	mov.b	#54,	r13	;#0x0036
  b6:	0c 48       	mov	r8,	r12	;

000000b8 <.LVL16>:
  b8:	87 12       	call	r7		;
  ba:	0c 5a       	add	r10,	r12	;
  bc:	cc 49 33 00 	mov.b	r9,	51(r12)	; 0x0033

000000c0 <.Loc.89.1>:
  c0:	7d 40 36 00 	mov.b	#54,	r13	;#0x0036
  c4:	0c 49       	mov	r9,	r12	;
  c6:	87 12       	call	r7		;
  c8:	0c 5a       	add	r10,	r12	;
  ca:	cc 49 1a 00 	mov.b	r9,	26(r12)	; 0x001a

000000ce <.Loc.90.1>:
  ce:	cc 46 33 00 	mov.b	r6,	51(r12)	; 0x0033
  d2:	30 40 00 00 	br	#0x0000		;

000000d6 <.L18>:
  d6:	08 49       	mov	r9,	r8	;
  d8:	30 40 00 00 	br	#0x0000		;

000000dc <.L6>:
  dc:	48 99       	cmp.b	r9,	r8	;
  de:	00 24       	jz	$+2      	;abs 0xe0

000000e0 <.Loc.43.1>:
  e0:	c2 49 00 00 	mov.b	r9,	&0x0000	;

000000e4 <.Loc.45.1>:
  e4:	7d 40 36 00 	mov.b	#54,	r13	;#0x0036
  e8:	0c 49       	mov	r9,	r12	;
  ea:	87 12       	call	r7		;
  ec:	0c 5a       	add	r10,	r12	;
  ee:	cc 49 1a 00 	mov.b	r9,	26(r12)	; 0x001a

000000f2 <.Loc.46.1>:
  f2:	cc 48 33 00 	mov.b	r8,	51(r12)	; 0x0033

000000f6 <.Loc.47.1>:
  f6:	7d 40 36 00 	mov.b	#54,	r13	;#0x0036
  fa:	0c 49       	mov	r9,	r12	;
  fc:	87 12       	call	r7		;
  fe:	0c 5a       	add	r10,	r12	;
 100:	bc 40 00 00 	mov	#0,	40(r12)	; 0x0028
 104:	28 00 

00000106 <.Loc.50.1>:
 106:	d2 43 00 00 	mov.b	#1,	&0x0000	;r3 As==01

0000010a <.L3>:
 10a:	31 50 06 00 	add	#6,	r1	;
 10e:	64 17       	popm	#7,	r10	;16-bit words
 110:	30 41       	ret			

00000112 <.L17>:
 112:	48 99       	cmp.b	r9,	r8	;
 114:	00 20       	jnz	$+2      	;abs 0x116

00000116 <.L22>:
 116:	30 40 00 00 	br	#0x0000		;

0000011a <.L10>:
 11a:	7d 40 36 00 	mov.b	#54,	r13	;#0x0036
 11e:	0c 48       	mov	r8,	r12	;

00000120 <.LVL24>:
 120:	b0 12 00 00 	call	#0		;
 124:	0c 5a       	add	r10,	r12	;
 126:	3c 50 2a 00 	add	#42,	r12	;#0x002a
 12a:	2f 4c       	mov	@r12,	r15	;
 12c:	1e 4c 02 00 	mov	2(r12),	r14	;
 130:	1d 4c 04 00 	mov	4(r12),	r13	;
 134:	1c 4c 06 00 	mov	6(r12),	r12	;
 138:	0c 94       	cmp	r4,	r12	;
 13a:	00 28       	jnc	$+2      	;abs 0x13c
 13c:	04 9c       	cmp	r12,	r4	;
 13e:	00 20       	jnz	$+2      	;abs 0x140
 140:	1d 91 02 00 	cmp	2(r1),	r13	;
 144:	00 28       	jnc	$+2      	;abs 0x146
 146:	81 9d 02 00 	cmp	r13,	2(r1)	;
 14a:	00 20       	jnz	$+2      	;abs 0x14c
 14c:	2e 91       	cmp	@r1,	r14	;
 14e:	00 28       	jnc	$+2      	;abs 0x150
 150:	81 9e 00 00 	cmp	r14,	0(r1)	;
 154:	00 20       	jnz	$+2      	;abs 0x156
 156:	1f 91 04 00 	cmp	4(r1),	r15	;
 15a:	00 2c       	jc	$+2      	;abs 0x15c

0000015c <.L19>:
 15c:	7d 40 36 00 	mov.b	#54,	r13	;#0x0036
 160:	0c 46       	mov	r6,	r12	;
 162:	b0 12 00 00 	call	#0		;
 166:	0c 5a       	add	r10,	r12	;
 168:	3c 50 2a 00 	add	#42,	r12	;#0x002a
 16c:	14 9c 06 00 	cmp	6(r12),	r4	;
 170:	00 28       	jnc	$+2      	;abs 0x172
 172:	8c 94 06 00 	cmp	r4,	6(r12)	;
 176:	00 20       	jnz	$+2      	;abs 0x178
 178:	91 9c 04 00 	cmp	4(r12),	2(r1)	;
 17c:	02 00 
 17e:	00 28       	jnc	$+2      	;abs 0x180
 180:	9c 91 02 00 	cmp	2(r1),	4(r12)	;
 184:	04 00 
 186:	00 20       	jnz	$+2      	;abs 0x188
 188:	91 9c 02 00 	cmp	2(r12),	0(r1)	;
 18c:	00 00 
 18e:	00 28       	jnc	$+2      	;abs 0x190
 190:	ac 91 02 00 	cmp	@r1,	2(r12)	;
 194:	00 20       	jnz	$+2      	;abs 0x196
 196:	a1 9c 04 00 	cmp	@r12,	4(r1)	;
 19a:	00 2c       	jc	$+2      	;abs 0x19c

0000019c <.L21>:
 19c:	7d 40 36 00 	mov.b	#54,	r13	;#0x0036
 1a0:	0c 48       	mov	r8,	r12	;
 1a2:	85 12       	call	r5		;
 1a4:	0c 5a       	add	r10,	r12	;
 1a6:	cc 49 33 00 	mov.b	r9,	51(r12)	; 0x0033

000001aa <.Loc.80.1>:
 1aa:	7d 40 36 00 	mov.b	#54,	r13	;#0x0036
 1ae:	0c 49       	mov	r9,	r12	;
 1b0:	85 12       	call	r5		;
 1b2:	0c 5a       	add	r10,	r12	;
 1b4:	cc 49 1a 00 	mov.b	r9,	26(r12)	; 0x001a

000001b8 <.Loc.81.1>:
 1b8:	cc 46 33 00 	mov.b	r6,	51(r12)	; 0x0033

000001bc <.Loc.82.1>:
 1bc:	7d 40 36 00 	mov.b	#54,	r13	;#0x0036
 1c0:	0c 49       	mov	r9,	r12	;
 1c2:	85 12       	call	r5		;

000001c4 <.L24>:
 1c4:	0c 5a       	add	r10,	r12	;
 1c6:	bc 40 00 00 	mov	#0,	40(r12)	; 0x0028
 1ca:	28 00 
 1cc:	30 40 00 00 	br	#0x0000		;

000001d0 <.L12>:
 1d0:	81 9f 04 00 	cmp	r15,	4(r1)	;
 1d4:	00 20       	jnz	$+2      	;abs 0x1d6
 1d6:	81 9e 00 00 	cmp	r14,	0(r1)	;
 1da:	00 20       	jnz	$+2      	;abs 0x1dc
 1dc:	81 9d 02 00 	cmp	r13,	2(r1)	;
 1e0:	00 20       	jnz	$+2      	;abs 0x1e2
 1e2:	04 9c       	cmp	r12,	r4	;
 1e4:	00 20       	jnz	$+2      	;abs 0x1e6

000001e6 <.Loc.77.1>:
 1e6:	7d 40 36 00 	mov.b	#54,	r13	;#0x0036
 1ea:	0c 46       	mov	r6,	r12	;
 1ec:	b0 12 00 00 	call	#0		;
 1f0:	0c 5a       	add	r10,	r12	;
 1f2:	3c 50 2a 00 	add	#42,	r12	;#0x002a
 1f6:	9c 91 04 00 	cmp	4(r1),	0(r12)	;
 1fa:	00 00 
 1fc:	00 20       	jnz	$+2      	;abs 0x1fe
 1fe:	ac 91 02 00 	cmp	@r1,	2(r12)	;
 202:	00 20       	jnz	$+2      	;abs 0x204
 204:	9c 91 02 00 	cmp	2(r1),	4(r12)	;
 208:	04 00 
 20a:	00 20       	jnz	$+2      	;abs 0x20c
 20c:	8c 94 06 00 	cmp	r4,	6(r12)	;
 210:	00 20       	jnz	$+2      	;abs 0x212

00000212 <.L14>:
 212:	7d 40 36 00 	mov.b	#54,	r13	;#0x0036
 216:	0c 46       	mov	r6,	r12	;
 218:	b0 12 00 00 	call	#0		;
 21c:	0c 5a       	add	r10,	r12	;

0000021e <.LVL34>:
 21e:	08 46       	mov	r6,	r8	;
 220:	30 40 00 00 	br	#0x0000		;

Disassembly of section .lower.text.remove_from_timeout_queue:

00000000 <remove_from_timeout_queue>:
   0:	6a 15       	pushm	#7,	r10	;16-bit words

00000002 <.LCFI2>:
   2:	48 4c       	mov.b	r12,	r8	;

00000004 <.Loc.103.1>:
   4:	55 42 00 00 	mov.b	&0x0000,r5	;0x0000

00000008 <.Loc.104.1>:
   8:	75 93       	cmp.b	#-1,	r5	;r3 As==11
   a:	00 24       	jz	$+2      	;abs 0xc

0000000c <.Loc.104.1>:
   c:	78 93       	cmp.b	#-1,	r8	;r3 As==11
   e:	00 24       	jz	$+2      	;abs 0x10

00000010 <.Loc.109.1>:
  10:	36 40 00 00 	mov	#0,	r6	;
  14:	34 40 00 00 	mov	#0,	r4	;
  18:	7d 40 36 00 	mov.b	#54,	r13	;#0x0036
  1c:	0c 45       	mov	r5,	r12	;

0000001e <.LVL38>:
  1e:	84 12       	call	r4		;

00000020 <.LVL39>:
  20:	0c 56       	add	r6,	r12	;
  22:	5a 4c 33 00 	mov.b	51(r12),r10	;0x00033

00000026 <.LVL40>:
  26:	09 46       	mov	r6,	r9	;
  28:	07 44       	mov	r4,	r7	;

0000002a <.Loc.110.1>:
  2a:	cc 98 1a 00 	cmp.b	r8,	26(r12)	; 0x001a
  2e:	00 20       	jnz	$+2      	;abs 0x30

00000030 <.Loc.110.1>:
  30:	3c 50 28 00 	add	#40,	r12	;#0x0028

00000034 <.LVL41>:
  34:	bc 90 00 00 	cmp	#0,	0(r12)	;
  38:	00 00 
  3a:	00 24       	jz	$+2      	;abs 0x3c

0000003c <.L28>:
  3c:	76 40 36 00 	mov.b	#54,	r6	;#0x0036

00000040 <.L30>:
  40:	7a 93       	cmp.b	#-1,	r10	;r3 As==11
  42:	00 24       	jz	$+2      	;abs 0x44

00000044 <.LVL44>:
  44:	0d 46       	mov	r6,	r13	;
  46:	0c 4a       	mov	r10,	r12	;
  48:	87 12       	call	r7		;
  4a:	0c 59       	add	r9,	r12	;
  4c:	cc 98 1a 00 	cmp.b	r8,	26(r12)	; 0x001a
  50:	00 20       	jnz	$+2      	;abs 0x52

00000052 <.Loc.123.1>:
  52:	bc 90 00 00 	cmp	#0,	40(r12)	; 0x0028
  56:	28 00 
  58:	00 20       	jnz	$+2      	;abs 0x5a

0000005a <.Loc.125.1>:
  5a:	08 4c       	mov	r12,	r8	;

0000005c <.LVL46>:
  5c:	38 50 33 00 	add	#51,	r8	;#0x0033
  60:	66 48       	mov.b	@r8,	r6	;
  62:	7d 40 36 00 	mov.b	#54,	r13	;#0x0036
  66:	0c 45       	mov	r5,	r12	;
  68:	87 12       	call	r7		;
  6a:	0c 59       	add	r9,	r12	;
  6c:	cc 46 33 00 	mov.b	r6,	51(r12)	; 0x0033

00000070 <.Loc.126.1>:
  70:	f8 43 00 00 	mov.b	#-1,	0(r8)	;r3 As==11

00000074 <.Loc.127.1>:
  74:	7d 40 36 00 	mov.b	#54,	r13	;#0x0036
  78:	0c 4a       	mov	r10,	r12	;
  7a:	87 12       	call	r7		;
  7c:	0c 59       	add	r9,	r12	;
  7e:	8c 43 28 00 	mov	#0,	40(r12)	;r3 As==00, 0x0028

00000082 <.Loc.128.1>:
  82:	30 40 00 00 	br	#0x0000		;

00000086 <.L29>:
  86:	c2 4a 00 00 	mov.b	r10,	&0x0000	;

0000008a <.Loc.113.1>:
  8a:	8c 43 00 00 	mov	#0,	0(r12)	;r3 As==00

0000008e <.Loc.114.1>:
  8e:	7d 40 36 00 	mov.b	#54,	r13	;#0x0036
  92:	0c 45       	mov	r5,	r12	;

00000094 <.LVL50>:
  94:	84 12       	call	r4		;
  96:	0c 56       	add	r6,	r12	;
  98:	fc 43 33 00 	mov.b	#-1,	51(r12)	;r3 As==11, 0x0033

0000009c <.Loc.115.1>:
  9c:	d2 43 00 00 	mov.b	#1,	&0x0000	;r3 As==01

000000a0 <.L26>:
  a0:	64 17       	popm	#7,	r10	;16-bit words
  a2:	30 41       	ret			

000000a4 <.L31>:
  a4:	0d 46       	mov	r6,	r13	;
  a6:	0c 4a       	mov	r10,	r12	;
  a8:	87 12       	call	r7		;
  aa:	0c 59       	add	r9,	r12	;

000000ac <.LVL55>:
  ac:	05 4a       	mov	r10,	r5	;

000000ae <.LVL56>:
  ae:	5a 4c 33 00 	mov.b	51(r12),r10	;0x00033

000000b2 <.LVL57>:
  b2:	30 40 00 00 	br	#0x0000		;

Disassembly of section .lower.text.os_initTasks:

00000000 <os_initTasks>:
   0:	4a 15       	pushm	#5,	r10	;16-bit words

00000002 <.LCFI3>:
   2:	f2 43 00 00 	mov.b	#-1,	&0x0000	;r3 As==11

00000006 <.Loc.139.1>:
   6:	d2 43 00 00 	mov.b	#1,	&0x0000	;r3 As==01

0000000a <.Loc.140.1>:
   a:	f2 43 00 00 	mov.b	#-1,	&0x0000	;r3 As==11

0000000e <.LVL58>:
   e:	3a 40 00 00 	mov	#0,	r10	;

00000012 <.LBB2>:
  12:	46 43       	clr.b	r6		;
  14:	59 42 00 00 	mov.b	&0x0000,r9	;0x0000

00000018 <.Loc.154.1>:
  18:	38 40 00 00 	mov	#0,	r8	;
  1c:	37 40 00 00 	mov	#0,	r7	;

00000020 <.L40>:
  20:	06 99       	cmp	r9,	r6	;
  22:	00 38       	jl	$+2      	;abs 0x24

00000024 <.LBE2>:
  24:	5c 43       	mov.b	#1,	r12	;r3 As==01
  26:	46 17       	popm	#5,	r10	;16-bit words
  28:	30 41       	ret			

0000002a <.L44>:
  2a:	1d 4a 26 00 	mov	38(r10),r13	;0x00026
  2e:	9d 4a 34 00 	mov	52(r10),0(r13)	;0x00034
  32:	00 00 

00000034 <.Loc.144.1>:
  34:	bd 42 fe ff 	mov	#8,	-2(r13)	;r2 As==11, 0xfffe

00000038 <.Loc.145.1>:
  38:	4c 46       	mov.b	r6,	r12	;
  3a:	ca 4c 1a 00 	mov.b	r12,	26(r10)	; 0x001a

0000003e <.Loc.146.1>:
  3e:	fa 43 33 00 	mov.b	#-1,	51(r10)	;r3 As==11, 0x0033

00000042 <.LBB3>:
  42:	1e 4a 24 00 	mov	36(r10),r14	;0x00024

00000046 <.LVL60>:
  46:	3d 50 fe ff 	add	#65534,	r13	;#0xfffe

0000004a <.L41>:
  4a:	0d 9e       	cmp	r14,	r13	;
  4c:	00 2c       	jc	$+2      	;abs 0x4e

0000004e <.LBE3>:
  4e:	8a 4d 00 00 	mov	r13,	0(r10)	;

00000052 <.Loc.154.1>:
  52:	0d 47       	mov	r7,	r13	;
  54:	88 12       	call	r8		;

00000056 <.LBB4>:
  56:	5c 43       	mov.b	#1,	r12	;r3 As==01

00000058 <.L43>:
  58:	0d 4c       	mov	r12,	r13	;
  5a:	0d 5c       	add	r12,	r13	;
  5c:	0d 5a       	add	r10,	r13	;
  5e:	8d 43 00 00 	mov	#0,	0(r13)	;r3 As==00

00000062 <.Loc.156.1>:
  62:	1c 53       	inc	r12		;
  64:	3c 90 0d 00 	cmp	#13,	r12	;#0x000d
  68:	00 20       	jnz	$+2      	;abs 0x6a

0000006a <.LBE4>:
  6a:	16 53       	inc	r6		;
  6c:	3a 50 36 00 	add	#54,	r10	;#0x0036
  70:	30 40 00 00 	br	#0x0000		;

00000074 <.L42>:
  74:	be 40 5a a5 	mov	#42330,	0(r14)	;#0xa55a
  78:	00 00 

0000007a <.Loc.148.1>:
  7a:	2e 53       	incd	r14		;
  7c:	30 40 00 00 	br	#0x0000		;
